GAS LISTING C:\Users\marwz\AppData\Local\Temp\cc5sP47s.s 			page 1


   1              		.file	"lseek.c"
   2              		.option nopic
   3              		.attribute arch, "rv32i2p0_m2p0_a2p0_c2p0"
   4              		.attribute unaligned_access, 0
   5              		.attribute stack_align, 16
   6              		.text
   7              	.Ltext0:
   8              		.cfi_sections	.debug_frame
   9              		.section	.text._lseek,"ax",@progbits
  10              		.align	1
  11              		.globl	_lseek
  13              	_lseek:
  14              	.LFB1:
  15              		.file 1 "./../../firmware/RISCV/stubs/lseek.c"
   1:./../../firmware/RISCV/stubs/lseek.c **** /* See LICENSE of license details. */
   2:./../../firmware/RISCV/stubs/lseek.c **** 
   3:./../../firmware/RISCV/stubs/lseek.c **** #include <errno.h>
   4:./../../firmware/RISCV/stubs/lseek.c **** #include <unistd.h>
   5:./../../firmware/RISCV/stubs/lseek.c **** #include <sys/types.h>
   6:./../../firmware/RISCV/stubs/lseek.c **** #include "stub.h"
   7:./../../firmware/RISCV/stubs/lseek.c **** 
   8:./../../firmware/RISCV/stubs/lseek.c **** off_t _lseek(int fd, off_t ptr, int dir)
   9:./../../firmware/RISCV/stubs/lseek.c **** {
  16              		.loc 1 9 1
  17              		.cfi_startproc
  18              	.LVL0:
  10:./../../firmware/RISCV/stubs/lseek.c ****   if (isatty(fd))
  19              		.loc 1 10 3
   9:./../../firmware/RISCV/stubs/lseek.c ****   if (isatty(fd))
  20              		.loc 1 9 1 is_stmt 0
  21 0000 4111     		addi	sp,sp,-16
  22              	.LCFI0:
  23              		.cfi_def_cfa_offset 16
  24 0002 06C6     		sw	ra,12(sp)
  25              		.cfi_offset 1, -4
  26              		.loc 1 10 7
  27 0004 97000000 		call	isatty
  27      E7800000 
  28              	.LVL1:
  11:./../../firmware/RISCV/stubs/lseek.c ****     return 0;
  12:./../../firmware/RISCV/stubs/lseek.c **** 
  13:./../../firmware/RISCV/stubs/lseek.c ****   return _stub(EBADF);
  14:./../../firmware/RISCV/stubs/lseek.c **** }
  29              		.loc 1 14 1
  30 000c B240     		lw	ra,12(sp)
  31              		.cfi_restore 1
  10:./../../firmware/RISCV/stubs/lseek.c ****     return 0;
  32              		.loc 1 10 6
  33 000e 13351500 		seqz	a0,a0
  34              		.loc 1 14 1
  35 0012 3305A040 		neg	a0,a0
  36 0016 4101     		addi	sp,sp,16
  37              	.LCFI1:
  38              		.cfi_def_cfa_offset 0
  39 0018 8280     		jr	ra
  40              		.cfi_endproc
  41              	.LFE1:
GAS LISTING C:\Users\marwz\AppData\Local\Temp\cc5sP47s.s 			page 2


  43              		.text
  44              	.Letext0:
  45              		.file 2 "c:\\users\\marwz\\documents\\github\\datafusion\\src\\pressure readings\\project\\toolcha
  46              		.file 3 "c:\\users\\marwz\\documents\\github\\datafusion\\src\\pressure readings\\project\\toolcha
  47              		.file 4 "c:\\users\\marwz\\documents\\github\\datafusion\\src\\pressure readings\\project\\toolcha
  48              		.file 5 "c:\\users\\marwz\\documents\\github\\datafusion\\src\\pressure readings\\project\\toolcha
  49              		.file 6 "c:\\users\\marwz\\documents\\github\\datafusion\\src\\pressure readings\\project\\toolcha
  50              		.file 7 "c:\\users\\marwz\\documents\\github\\datafusion\\src\\pressure readings\\project\\toolcha
  51              		.file 8 "c:\\users\\marwz\\documents\\github\\datafusion\\src\\pressure readings\\project\\toolcha
  52              		.file 9 "./../../firmware/RISCV/stubs/stub.h"
GAS LISTING C:\Users\marwz\AppData\Local\Temp\cc5sP47s.s 			page 3


DEFINED SYMBOLS
                            *ABS*:0000000000000000 lseek.c
C:\Users\marwz\AppData\Local\Temp\cc5sP47s.s:13     .text._lseek:0000000000000000 _lseek
C:\Users\marwz\AppData\Local\Temp\cc5sP47s.s:17     .text._lseek:0000000000000000 .L0 
C:\Users\marwz\AppData\Local\Temp\cc5sP47s.s:19     .text._lseek:0000000000000000 .L0 
C:\Users\marwz\AppData\Local\Temp\cc5sP47s.s:20     .text._lseek:0000000000000000 .L0 
C:\Users\marwz\AppData\Local\Temp\cc5sP47s.s:21     .text._lseek:0000000000000000 .L0 
C:\Users\marwz\AppData\Local\Temp\cc5sP47s.s:23     .text._lseek:0000000000000002 .L0 
C:\Users\marwz\AppData\Local\Temp\cc5sP47s.s:25     .text._lseek:0000000000000004 .L0 
C:\Users\marwz\AppData\Local\Temp\cc5sP47s.s:27     .text._lseek:0000000000000004 .L0 
C:\Users\marwz\AppData\Local\Temp\cc5sP47s.s:30     .text._lseek:000000000000000c .L0 
C:\Users\marwz\AppData\Local\Temp\cc5sP47s.s:31     .text._lseek:000000000000000e .L0 
C:\Users\marwz\AppData\Local\Temp\cc5sP47s.s:33     .text._lseek:000000000000000e .L0 
C:\Users\marwz\AppData\Local\Temp\cc5sP47s.s:35     .text._lseek:0000000000000012 .L0 
C:\Users\marwz\AppData\Local\Temp\cc5sP47s.s:38     .text._lseek:0000000000000018 .L0 
C:\Users\marwz\AppData\Local\Temp\cc5sP47s.s:40     .text._lseek:000000000000001a .L0 
C:\Users\marwz\AppData\Local\Temp\cc5sP47s.s:43     .text._lseek:000000000000001a .L0 
                     .debug_frame:0000000000000000 .L0 
C:\Users\marwz\AppData\Local\Temp\cc5sP47s.s:1600   .debug_abbrev:0000000000000000 .Ldebug_abbrev0
C:\Users\marwz\AppData\Local\Temp\cc5sP47s.s:2441   .debug_str:00000000000004af .LASF130
C:\Users\marwz\AppData\Local\Temp\cc5sP47s.s:2319   .debug_str:0000000000000201 .LASF131
C:\Users\marwz\AppData\Local\Temp\cc5sP47s.s:2323   .debug_str:0000000000000239 .LASF132
C:\Users\marwz\AppData\Local\Temp\cc5sP47s.s:2205   .debug_ranges:0000000000000000 .Ldebug_ranges0
C:\Users\marwz\AppData\Local\Temp\cc5sP47s.s:2211   .debug_line:0000000000000000 .Ldebug_line0
C:\Users\marwz\AppData\Local\Temp\cc5sP47s.s:2303   .debug_str:00000000000001b8 .LASF0
C:\Users\marwz\AppData\Local\Temp\cc5sP47s.s:2321   .debug_str:0000000000000226 .LASF1
C:\Users\marwz\AppData\Local\Temp\cc5sP47s.s:2245   .debug_str:00000000000000b1 .LASF2
C:\Users\marwz\AppData\Local\Temp\cc5sP47s.s:2351   .debug_str:000000000000031b .LASF3
C:\Users\marwz\AppData\Local\Temp\cc5sP47s.s:2335   .debug_str:00000000000002dc .LASF10
C:\Users\marwz\AppData\Local\Temp\cc5sP47s.s:2247   .debug_str:00000000000000bf .LASF4
C:\Users\marwz\AppData\Local\Temp\cc5sP47s.s:2371   .debug_str:000000000000037b .LASF5
C:\Users\marwz\AppData\Local\Temp\cc5sP47s.s:2377   .debug_str:0000000000000397 .LASF6
C:\Users\marwz\AppData\Local\Temp\cc5sP47s.s:2263   .debug_str:0000000000000104 .LASF7
C:\Users\marwz\AppData\Local\Temp\cc5sP47s.s:2311   .debug_str:00000000000001dc .LASF8
C:\Users\marwz\AppData\Local\Temp\cc5sP47s.s:2231   .debug_str:000000000000005a .LASF9
C:\Users\marwz\AppData\Local\Temp\cc5sP47s.s:2365   .debug_str:0000000000000358 .LASF11
C:\Users\marwz\AppData\Local\Temp\cc5sP47s.s:2215   .debug_str:000000000000000c .LASF12
C:\Users\marwz\AppData\Local\Temp\cc5sP47s.s:2425   .debug_str:0000000000000472 .LASF13
C:\Users\marwz\AppData\Local\Temp\cc5sP47s.s:2461   .debug_str:000000000000058f .LASF14
C:\Users\marwz\AppData\Local\Temp\cc5sP47s.s:2331   .debug_str:00000000000002ce .LASF15
C:\Users\marwz\AppData\Local\Temp\cc5sP47s.s:2305   .debug_str:00000000000001c5 .LASF16
C:\Users\marwz\AppData\Local\Temp\cc5sP47s.s:2417   .debug_str:0000000000000450 .LASF17
C:\Users\marwz\AppData\Local\Temp\cc5sP47s.s:2419   .debug_str:0000000000000458 .LASF18
C:\Users\marwz\AppData\Local\Temp\cc5sP47s.s:2387   .debug_str:00000000000003bf .LASF19
C:\Users\marwz\AppData\Local\Temp\cc5sP47s.s:2447   .debug_str:0000000000000545 .LASF20
C:\Users\marwz\AppData\Local\Temp\cc5sP47s.s:2369   .debug_str:0000000000000369 .LASF21
C:\Users\marwz\AppData\Local\Temp\cc5sP47s.s:2289   .debug_str:000000000000017b .LASF22
C:\Users\marwz\AppData\Local\Temp\cc5sP47s.s:2293   .debug_str:000000000000018c .LASF27
C:\Users\marwz\AppData\Local\Temp\cc5sP47s.s:2437   .debug_str:000000000000049c .LASF23
C:\Users\marwz\AppData\Local\Temp\cc5sP47s.s:2409   .debug_str:0000000000000432 .LASF24
C:\Users\marwz\AppData\Local\Temp\cc5sP47s.s:2287   .debug_str:0000000000000175 .LASF25
C:\Users\marwz\AppData\Local\Temp\cc5sP47s.s:2455   .debug_str:000000000000057a .LASF26
C:\Users\marwz\AppData\Local\Temp\cc5sP47s.s:2301   .debug_str:00000000000001b3 .LASF28
C:\Users\marwz\AppData\Local\Temp\cc5sP47s.s:2243   .debug_str:00000000000000a8 .LASF29
C:\Users\marwz\AppData\Local\Temp\cc5sP47s.s:2431   .debug_str:0000000000000486 .LASF30
C:\Users\marwz\AppData\Local\Temp\cc5sP47s.s:2253   .debug_str:00000000000000d7 .LASF31
C:\Users\marwz\AppData\Local\Temp\cc5sP47s.s:2485   .debug_str:00000000000005fa .LASF32
GAS LISTING C:\Users\marwz\AppData\Local\Temp\cc5sP47s.s 			page 4


C:\Users\marwz\AppData\Local\Temp\cc5sP47s.s:2357   .debug_str:0000000000000335 .LASF33
C:\Users\marwz\AppData\Local\Temp\cc5sP47s.s:2345   .debug_str:0000000000000301 .LASF34
C:\Users\marwz\AppData\Local\Temp\cc5sP47s.s:2457   .debug_str:000000000000057f .LASF35
C:\Users\marwz\AppData\Local\Temp\cc5sP47s.s:2379   .debug_str:00000000000003a1 .LASF36
C:\Users\marwz\AppData\Local\Temp\cc5sP47s.s:2471   .debug_str:00000000000005ba .LASF37
C:\Users\marwz\AppData\Local\Temp\cc5sP47s.s:2257   .debug_str:00000000000000e6 .LASF38
C:\Users\marwz\AppData\Local\Temp\cc5sP47s.s:2283   .debug_str:0000000000000168 .LASF39
C:\Users\marwz\AppData\Local\Temp\cc5sP47s.s:2213   .debug_str:0000000000000000 .LASF40
C:\Users\marwz\AppData\Local\Temp\cc5sP47s.s:2443   .debug_str:0000000000000537 .LASF41
C:\Users\marwz\AppData\Local\Temp\cc5sP47s.s:2267   .debug_str:0000000000000114 .LASF42
C:\Users\marwz\AppData\Local\Temp\cc5sP47s.s:2359   .debug_str:000000000000033e .LASF43
C:\Users\marwz\AppData\Local\Temp\cc5sP47s.s:2401   .debug_str:0000000000000402 .LASF44
C:\Users\marwz\AppData\Local\Temp\cc5sP47s.s:2285   .debug_str:0000000000000170 .LASF45
C:\Users\marwz\AppData\Local\Temp\cc5sP47s.s:2381   .debug_str:00000000000003ab .LASF46
C:\Users\marwz\AppData\Local\Temp\cc5sP47s.s:2251   .debug_str:00000000000000d1 .LASF47
C:\Users\marwz\AppData\Local\Temp\cc5sP47s.s:2219   .debug_str:000000000000001b .LASF48
C:\Users\marwz\AppData\Local\Temp\cc5sP47s.s:2389   .debug_str:00000000000003ca .LASF49
C:\Users\marwz\AppData\Local\Temp\cc5sP47s.s:2265   .debug_str:000000000000010d .LASF50
C:\Users\marwz\AppData\Local\Temp\cc5sP47s.s:2313   .debug_str:00000000000001ee .LASF51
C:\Users\marwz\AppData\Local\Temp\cc5sP47s.s:2233   .debug_str:0000000000000071 .LASF52
C:\Users\marwz\AppData\Local\Temp\cc5sP47s.s:2259   .debug_str:00000000000000f4 .LASF53
C:\Users\marwz\AppData\Local\Temp\cc5sP47s.s:2297   .debug_str:00000000000001a3 .LASF54
C:\Users\marwz\AppData\Local\Temp\cc5sP47s.s:2343   .debug_str:00000000000002fa .LASF55
C:\Users\marwz\AppData\Local\Temp\cc5sP47s.s:2421   .debug_str:0000000000000460 .LASF56
C:\Users\marwz\AppData\Local\Temp\cc5sP47s.s:2475   .debug_str:00000000000005d4 .LASF57
C:\Users\marwz\AppData\Local\Temp\cc5sP47s.s:2249   .debug_str:00000000000000cb .LASF58
C:\Users\marwz\AppData\Local\Temp\cc5sP47s.s:2467   .debug_str:00000000000005ac .LASF59
C:\Users\marwz\AppData\Local\Temp\cc5sP47s.s:2271   .debug_str:0000000000000123 .LASF60
C:\Users\marwz\AppData\Local\Temp\cc5sP47s.s:2277   .debug_str:0000000000000141 .LASF61
C:\Users\marwz\AppData\Local\Temp\cc5sP47s.s:2225   .debug_str:0000000000000034 .LASF62
C:\Users\marwz\AppData\Local\Temp\cc5sP47s.s:2337   .debug_str:00000000000002e3 .LASF63
C:\Users\marwz\AppData\Local\Temp\cc5sP47s.s:2393   .debug_str:00000000000003dc .LASF64
C:\Users\marwz\AppData\Local\Temp\cc5sP47s.s:2339   .debug_str:00000000000002e9 .LASF65
C:\Users\marwz\AppData\Local\Temp\cc5sP47s.s:2411   .debug_str:000000000000043a .LASF66
C:\Users\marwz\AppData\Local\Temp\cc5sP47s.s:2427   .debug_str:000000000000047a .LASF67
C:\Users\marwz\AppData\Local\Temp\cc5sP47s.s:2269   .debug_str:000000000000011c .LASF68
C:\Users\marwz\AppData\Local\Temp\cc5sP47s.s:2307   .debug_str:00000000000001cc .LASF69
C:\Users\marwz\AppData\Local\Temp\cc5sP47s.s:2291   .debug_str:0000000000000184 .LASF70
C:\Users\marwz\AppData\Local\Temp\cc5sP47s.s:2399   .debug_str:00000000000003fd .LASF71
C:\Users\marwz\AppData\Local\Temp\cc5sP47s.s:2223   .debug_str:0000000000000029 .LASF72
C:\Users\marwz\AppData\Local\Temp\cc5sP47s.s:2407   .debug_str:0000000000000419 .LASF73
C:\Users\marwz\AppData\Local\Temp\cc5sP47s.s:2403   .debug_str:0000000000000407 .LASF74
C:\Users\marwz\AppData\Local\Temp\cc5sP47s.s:2363   .debug_str:000000000000034d .LASF75
C:\Users\marwz\AppData\Local\Temp\cc5sP47s.s:2405   .debug_str:000000000000040f .LASF76
C:\Users\marwz\AppData\Local\Temp\cc5sP47s.s:2329   .debug_str:00000000000002c6 .LASF77
C:\Users\marwz\AppData\Local\Temp\cc5sP47s.s:2299   .debug_str:00000000000001a9 .LASF78
C:\Users\marwz\AppData\Local\Temp\cc5sP47s.s:2483   .debug_str:00000000000005f5 .LASF79
C:\Users\marwz\AppData\Local\Temp\cc5sP47s.s:2367   .debug_str:000000000000035f .LASF80
C:\Users\marwz\AppData\Local\Temp\cc5sP47s.s:2309   .debug_str:00000000000001d4 .LASF81
C:\Users\marwz\AppData\Local\Temp\cc5sP47s.s:2275   .debug_str:0000000000000139 .LASF82
C:\Users\marwz\AppData\Local\Temp\cc5sP47s.s:2373   .debug_str:0000000000000389 .LASF83
C:\Users\marwz\AppData\Local\Temp\cc5sP47s.s:2415   .debug_str:0000000000000447 .LASF84
C:\Users\marwz\AppData\Local\Temp\cc5sP47s.s:2465   .debug_str:00000000000005a2 .LASF85
C:\Users\marwz\AppData\Local\Temp\cc5sP47s.s:2261   .debug_str:00000000000000fc .LASF86
C:\Users\marwz\AppData\Local\Temp\cc5sP47s.s:2255   .debug_str:00000000000000e1 .LASF87
C:\Users\marwz\AppData\Local\Temp\cc5sP47s.s:2429   .debug_str:0000000000000481 .LASF88
C:\Users\marwz\AppData\Local\Temp\cc5sP47s.s:2385   .debug_str:00000000000003b8 .LASF89
GAS LISTING C:\Users\marwz\AppData\Local\Temp\cc5sP47s.s 			page 5


C:\Users\marwz\AppData\Local\Temp\cc5sP47s.s:2459   .debug_str:0000000000000589 .LASF90
C:\Users\marwz\AppData\Local\Temp\cc5sP47s.s:2317   .debug_str:00000000000001fa .LASF91
C:\Users\marwz\AppData\Local\Temp\cc5sP47s.s:2383   .debug_str:00000000000003b2 .LASF92
C:\Users\marwz\AppData\Local\Temp\cc5sP47s.s:2221   .debug_str:0000000000000021 .LASF93
C:\Users\marwz\AppData\Local\Temp\cc5sP47s.s:2413   .debug_str:0000000000000441 .LASF94
C:\Users\marwz\AppData\Local\Temp\cc5sP47s.s:2435   .debug_str:0000000000000496 .LASF95
C:\Users\marwz\AppData\Local\Temp\cc5sP47s.s:2445   .debug_str:0000000000000540 .LASF96
C:\Users\marwz\AppData\Local\Temp\cc5sP47s.s:2453   .debug_str:000000000000056d .LASF97
C:\Users\marwz\AppData\Local\Temp\cc5sP47s.s:2439   .debug_str:00000000000004a2 .LASF98
C:\Users\marwz\AppData\Local\Temp\cc5sP47s.s:2327   .debug_str:00000000000002b9 .LASF99
C:\Users\marwz\AppData\Local\Temp\cc5sP47s.s:2473   .debug_str:00000000000005c5 .LASF100
C:\Users\marwz\AppData\Local\Temp\cc5sP47s.s:2295   .debug_str:0000000000000194 .LASF101
C:\Users\marwz\AppData\Local\Temp\cc5sP47s.s:2395   .debug_str:00000000000003e5 .LASF102
C:\Users\marwz\AppData\Local\Temp\cc5sP47s.s:2477   .debug_str:00000000000005db .LASF103
C:\Users\marwz\AppData\Local\Temp\cc5sP47s.s:2397   .debug_str:00000000000003f0 .LASF104
C:\Users\marwz\AppData\Local\Temp\cc5sP47s.s:2481   .debug_str:00000000000005e7 .LASF105
C:\Users\marwz\AppData\Local\Temp\cc5sP47s.s:2241   .debug_str:000000000000009a .LASF106
C:\Users\marwz\AppData\Local\Temp\cc5sP47s.s:2463   .debug_str:0000000000000598 .LASF107
C:\Users\marwz\AppData\Local\Temp\cc5sP47s.s:2325   .debug_str:00000000000002ad .LASF108
C:\Users\marwz\AppData\Local\Temp\cc5sP47s.s:2449   .debug_str:000000000000054d .LASF109
C:\Users\marwz\AppData\Local\Temp\cc5sP47s.s:2281   .debug_str:000000000000015a .LASF110
C:\Users\marwz\AppData\Local\Temp\cc5sP47s.s:2239   .debug_str:000000000000008b .LASF111
C:\Users\marwz\AppData\Local\Temp\cc5sP47s.s:2279   .debug_str:0000000000000149 .LASF112
C:\Users\marwz\AppData\Local\Temp\cc5sP47s.s:2227   .debug_str:000000000000003a .LASF113
C:\Users\marwz\AppData\Local\Temp\cc5sP47s.s:2229   .debug_str:0000000000000049 .LASF114
C:\Users\marwz\AppData\Local\Temp\cc5sP47s.s:2375   .debug_str:000000000000038e .LASF115
C:\Users\marwz\AppData\Local\Temp\cc5sP47s.s:2355   .debug_str:000000000000032e .LASF116
C:\Users\marwz\AppData\Local\Temp\cc5sP47s.s:2347   .debug_str:000000000000030b .LASF117
C:\Users\marwz\AppData\Local\Temp\cc5sP47s.s:2469   .debug_str:00000000000005b2 .LASF118
C:\Users\marwz\AppData\Local\Temp\cc5sP47s.s:2235   .debug_str:000000000000007a .LASF133
C:\Users\marwz\AppData\Local\Temp\cc5sP47s.s:2423   .debug_str:0000000000000466 .LASF119
C:\Users\marwz\AppData\Local\Temp\cc5sP47s.s:2451   .debug_str:000000000000055a .LASF120
C:\Users\marwz\AppData\Local\Temp\cc5sP47s.s:2273   .debug_str:000000000000012c .LASF121
C:\Users\marwz\AppData\Local\Temp\cc5sP47s.s:2391   .debug_str:00000000000003d2 .LASF122
C:\Users\marwz\AppData\Local\Temp\cc5sP47s.s:2315   .debug_str:00000000000001f4 .LASF123
C:\Users\marwz\AppData\Local\Temp\cc5sP47s.s:2333   .debug_str:00000000000002d4 .LASF124
C:\Users\marwz\AppData\Local\Temp\cc5sP47s.s:2349   .debug_str:0000000000000314 .LASF125
C:\Users\marwz\AppData\Local\Temp\cc5sP47s.s:2353   .debug_str:0000000000000327 .LASF126
C:\Users\marwz\AppData\Local\Temp\cc5sP47s.s:2433   .debug_str:000000000000048f .LASF127
C:\Users\marwz\AppData\Local\Temp\cc5sP47s.s:2479   .debug_str:00000000000005e0 .LASF128
C:\Users\marwz\AppData\Local\Temp\cc5sP47s.s:2341   .debug_str:00000000000002f1 .LASF129
C:\Users\marwz\AppData\Local\Temp\cc5sP47s.s:2361   .debug_str:0000000000000346 .LASF134
C:\Users\marwz\AppData\Local\Temp\cc5sP47s.s:14     .text._lseek:0000000000000000 .LFB1
C:\Users\marwz\AppData\Local\Temp\cc5sP47s.s:41     .text._lseek:000000000000001a .LFE1
C:\Users\marwz\AppData\Local\Temp\cc5sP47s.s:2132   .debug_loc:0000000000000000 .LLST0
C:\Users\marwz\AppData\Local\Temp\cc5sP47s.s:2150   .debug_loc:000000000000002c .LLST1
C:\Users\marwz\AppData\Local\Temp\cc5sP47s.s:2164   .debug_loc:000000000000004d .LLST2
C:\Users\marwz\AppData\Local\Temp\cc5sP47s.s:2178   .debug_loc:000000000000006e .LLST3
C:\Users\marwz\AppData\Local\Temp\cc5sP47s.s:28     .text._lseek:000000000000000c .LVL1
C:\Users\marwz\AppData\Local\Temp\cc5sP47s.s:2237   .debug_str:0000000000000085 .LASF135
C:\Users\marwz\AppData\Local\Temp\cc5sP47s.s:2217   .debug_str:0000000000000014 .LASF136
C:\Users\marwz\AppData\Local\Temp\cc5sP47s.s:22     .text._lseek:0000000000000002 .LCFI0
C:\Users\marwz\AppData\Local\Temp\cc5sP47s.s:37     .text._lseek:0000000000000018 .LCFI1
C:\Users\marwz\AppData\Local\Temp\cc5sP47s.s:18     .text._lseek:0000000000000000 .LVL0
C:\Users\marwz\AppData\Local\Temp\cc5sP47s.s:54     .debug_info:0000000000000000 .Ldebug_info0

UNDEFINED SYMBOLS
GAS LISTING C:\Users\marwz\AppData\Local\Temp\cc5sP47s.s 			page 6


isatty
