GAS LISTING C:\Users\marwz\AppData\Local\Temp\ccHwv4aT.s 			page 1


   1              		.file	"read.c"
   2              		.option nopic
   3              		.attribute arch, "rv32i2p0_m2p0_a2p0_c2p0"
   4              		.attribute unaligned_access, 0
   5              		.attribute stack_align, 16
   6              		.text
   7              	.Ltext0:
   8              		.cfi_sections	.debug_frame
   9              		.section	.text._read,"ax",@progbits
  10              		.align	1
  11              		.globl	_read
  13              	_read:
  14              	.LFB1:
  15              		.file 1 "./../../firmware/RISCV/stubs/read.c"
   1:./../../firmware/RISCV/stubs/read.c **** /* See LICENSE of license details. */
   2:./../../firmware/RISCV/stubs/read.c **** 
   3:./../../firmware/RISCV/stubs/read.c **** #include <stdint.h>
   4:./../../firmware/RISCV/stubs/read.c **** #include <errno.h>
   5:./../../firmware/RISCV/stubs/read.c **** #include <unistd.h>
   6:./../../firmware/RISCV/stubs/read.c **** #include <sys/types.h>
   7:./../../firmware/RISCV/stubs/read.c **** 
   8:./../../firmware/RISCV/stubs/read.c **** #include "stub.h"
   9:./../../firmware/RISCV/stubs/read.c **** 
  10:./../../firmware/RISCV/stubs/read.c **** ssize_t _read(int fd, void* ptr, size_t len)
  11:./../../firmware/RISCV/stubs/read.c **** {
  16              		.loc 1 11 1
  17              		.cfi_startproc
  18              	.LVL0:
  12:./../../firmware/RISCV/stubs/read.c ****   return _stub(EBADF);
  19              		.loc 1 12 3
  20              		.file 2 "./../../firmware/RISCV/stubs/stub.h"
   1:./../../firmware/RISCV/stubs/stub.h **** /* See LICENSE of license details. */
   2:./../../firmware/RISCV/stubs/stub.h **** #ifndef _NUCLEI_SYS_STUB_H
   3:./../../firmware/RISCV/stubs/stub.h **** #define _NUCLEI_SYS_STUB_H
   4:./../../firmware/RISCV/stubs/stub.h **** 
   5:./../../firmware/RISCV/stubs/stub.h **** #include <stdint.h>
   6:./../../firmware/RISCV/stubs/stub.h **** #if   defined (__GNUC__)
   7:./../../firmware/RISCV/stubs/stub.h **** #include <unistd.h>
   8:./../../firmware/RISCV/stubs/stub.h **** #endif
   9:./../../firmware/RISCV/stubs/stub.h **** 
  10:./../../firmware/RISCV/stubs/stub.h **** void write_hex(int fd, unsigned long int hex);
  11:./../../firmware/RISCV/stubs/stub.h **** 
  12:./../../firmware/RISCV/stubs/stub.h **** static inline int _stub(int err)
  13:./../../firmware/RISCV/stubs/stub.h **** {
  14:./../../firmware/RISCV/stubs/stub.h ****   return -1;
  21              		.loc 2 14 3
  13:./../../firmware/RISCV/stubs/read.c **** }
  22              		.loc 1 13 1 is_stmt 0
  23 0000 7D55     		li	a0,-1
  24              	.LVL1:
  25 0002 8280     		ret
  26              		.cfi_endproc
  27              	.LFE1:
  29              		.text
  30              	.Letext0:
  31              		.file 3 "c:\\users\\marwz\\documents\\github\\datafusion\\src\\pressure readings\\project\\toolcha
  32              		.file 4 "c:\\users\\marwz\\documents\\github\\datafusion\\src\\pressure readings\\project\\toolcha
GAS LISTING C:\Users\marwz\AppData\Local\Temp\ccHwv4aT.s 			page 2


  33              		.file 5 "c:\\users\\marwz\\documents\\github\\datafusion\\src\\pressure readings\\project\\toolcha
  34              		.file 6 "c:\\users\\marwz\\documents\\github\\datafusion\\src\\pressure readings\\project\\toolcha
  35              		.file 7 "c:\\users\\marwz\\documents\\github\\datafusion\\src\\pressure readings\\project\\toolcha
  36              		.file 8 "c:\\users\\marwz\\documents\\github\\datafusion\\src\\pressure readings\\project\\toolcha
  37              		.file 9 "c:\\users\\marwz\\documents\\github\\datafusion\\src\\pressure readings\\project\\toolcha
GAS LISTING C:\Users\marwz\AppData\Local\Temp\ccHwv4aT.s 			page 3


DEFINED SYMBOLS
                            *ABS*:0000000000000000 read.c
C:\Users\marwz\AppData\Local\Temp\ccHwv4aT.s:13     .text._read:0000000000000000 _read
C:\Users\marwz\AppData\Local\Temp\ccHwv4aT.s:17     .text._read:0000000000000000 .L0 
C:\Users\marwz\AppData\Local\Temp\ccHwv4aT.s:19     .text._read:0000000000000000 .L0 
C:\Users\marwz\AppData\Local\Temp\ccHwv4aT.s:21     .text._read:0000000000000000 .L0 
C:\Users\marwz\AppData\Local\Temp\ccHwv4aT.s:22     .text._read:0000000000000000 .L0 
C:\Users\marwz\AppData\Local\Temp\ccHwv4aT.s:23     .text._read:0000000000000000 .L0 
C:\Users\marwz\AppData\Local\Temp\ccHwv4aT.s:26     .text._read:0000000000000004 .L0 
C:\Users\marwz\AppData\Local\Temp\ccHwv4aT.s:29     .text._read:0000000000000004 .L0 
                     .debug_frame:0000000000000000 .L0 
C:\Users\marwz\AppData\Local\Temp\ccHwv4aT.s:1569   .debug_abbrev:0000000000000000 .Ldebug_abbrev0
C:\Users\marwz\AppData\Local\Temp\ccHwv4aT.s:2338   .debug_str:00000000000004a1 .LASF130
C:\Users\marwz\AppData\Local\Temp\ccHwv4aT.s:2142   .debug_str:000000000000009a .LASF131
C:\Users\marwz\AppData\Local\Temp\ccHwv4aT.s:2222   .debug_str:0000000000000232 .LASF132
C:\Users\marwz\AppData\Local\Temp\ccHwv4aT.s:2106   .debug_ranges:0000000000000000 .Ldebug_ranges0
C:\Users\marwz\AppData\Local\Temp\ccHwv4aT.s:2112   .debug_line:0000000000000000 .Ldebug_line0
C:\Users\marwz\AppData\Local\Temp\ccHwv4aT.s:2150   .debug_str:00000000000000e3 .LASF0
C:\Users\marwz\AppData\Local\Temp\ccHwv4aT.s:2268   .debug_str:000000000000036d .LASF1
C:\Users\marwz\AppData\Local\Temp\ccHwv4aT.s:2274   .debug_str:0000000000000389 .LASF2
C:\Users\marwz\AppData\Local\Temp\ccHwv4aT.s:2220   .debug_str:000000000000021f .LASF3
C:\Users\marwz\AppData\Local\Temp\ccHwv4aT.s:2166   .debug_str:0000000000000128 .LASF4
C:\Users\marwz\AppData\Local\Temp\ccHwv4aT.s:2214   .debug_str:0000000000000200 .LASF5
C:\Users\marwz\AppData\Local\Temp\ccHwv4aT.s:2148   .debug_str:00000000000000d5 .LASF6
C:\Users\marwz\AppData\Local\Temp\ccHwv4aT.s:2132   .debug_str:000000000000005a .LASF7
C:\Users\marwz\AppData\Local\Temp\ccHwv4aT.s:2206   .debug_str:00000000000001dc .LASF8
C:\Users\marwz\AppData\Local\Temp\ccHwv4aT.s:2118   .debug_str:0000000000000012 .LASF10
C:\Users\marwz\AppData\Local\Temp\ccHwv4aT.s:2250   .debug_str:0000000000000314 .LASF9
C:\Users\marwz\AppData\Local\Temp\ccHwv4aT.s:2234   .debug_str:00000000000002d5 .LASF11
C:\Users\marwz\AppData\Local\Temp\ccHwv4aT.s:2262   .debug_str:000000000000034a .LASF12
C:\Users\marwz\AppData\Local\Temp\ccHwv4aT.s:2322   .debug_str:0000000000000464 .LASF13
C:\Users\marwz\AppData\Local\Temp\ccHwv4aT.s:2358   .debug_str:0000000000000581 .LASF14
C:\Users\marwz\AppData\Local\Temp\ccHwv4aT.s:2230   .debug_str:00000000000002c7 .LASF15
C:\Users\marwz\AppData\Local\Temp\ccHwv4aT.s:2208   .debug_str:00000000000001e9 .LASF16
C:\Users\marwz\AppData\Local\Temp\ccHwv4aT.s:2314   .debug_str:0000000000000442 .LASF17
C:\Users\marwz\AppData\Local\Temp\ccHwv4aT.s:2316   .debug_str:000000000000044a .LASF18
C:\Users\marwz\AppData\Local\Temp\ccHwv4aT.s:2284   .debug_str:00000000000003b1 .LASF19
C:\Users\marwz\AppData\Local\Temp\ccHwv4aT.s:2344   .debug_str:0000000000000537 .LASF20
C:\Users\marwz\AppData\Local\Temp\ccHwv4aT.s:2266   .debug_str:000000000000035b .LASF21
C:\Users\marwz\AppData\Local\Temp\ccHwv4aT.s:2192   .debug_str:000000000000019f .LASF22
C:\Users\marwz\AppData\Local\Temp\ccHwv4aT.s:2196   .debug_str:00000000000001b0 .LASF27
C:\Users\marwz\AppData\Local\Temp\ccHwv4aT.s:2334   .debug_str:000000000000048e .LASF23
C:\Users\marwz\AppData\Local\Temp\ccHwv4aT.s:2306   .debug_str:0000000000000424 .LASF24
C:\Users\marwz\AppData\Local\Temp\ccHwv4aT.s:2190   .debug_str:0000000000000199 .LASF25
C:\Users\marwz\AppData\Local\Temp\ccHwv4aT.s:2352   .debug_str:000000000000056c .LASF26
C:\Users\marwz\AppData\Local\Temp\ccHwv4aT.s:2204   .debug_str:00000000000001d7 .LASF28
C:\Users\marwz\AppData\Local\Temp\ccHwv4aT.s:2146   .debug_str:00000000000000cc .LASF29
C:\Users\marwz\AppData\Local\Temp\ccHwv4aT.s:2328   .debug_str:0000000000000478 .LASF30
C:\Users\marwz\AppData\Local\Temp\ccHwv4aT.s:2156   .debug_str:00000000000000fb .LASF31
C:\Users\marwz\AppData\Local\Temp\ccHwv4aT.s:2382   .debug_str:00000000000005ec .LASF32
C:\Users\marwz\AppData\Local\Temp\ccHwv4aT.s:2256   .debug_str:000000000000032e .LASF33
C:\Users\marwz\AppData\Local\Temp\ccHwv4aT.s:2244   .debug_str:00000000000002fa .LASF34
C:\Users\marwz\AppData\Local\Temp\ccHwv4aT.s:2354   .debug_str:0000000000000571 .LASF35
C:\Users\marwz\AppData\Local\Temp\ccHwv4aT.s:2276   .debug_str:0000000000000393 .LASF36
C:\Users\marwz\AppData\Local\Temp\ccHwv4aT.s:2368   .debug_str:00000000000005ac .LASF37
C:\Users\marwz\AppData\Local\Temp\ccHwv4aT.s:2160   .debug_str:000000000000010a .LASF38
C:\Users\marwz\AppData\Local\Temp\ccHwv4aT.s:2186   .debug_str:000000000000018c .LASF39
GAS LISTING C:\Users\marwz\AppData\Local\Temp\ccHwv4aT.s 			page 4


C:\Users\marwz\AppData\Local\Temp\ccHwv4aT.s:2114   .debug_str:0000000000000000 .LASF40
C:\Users\marwz\AppData\Local\Temp\ccHwv4aT.s:2340   .debug_str:0000000000000529 .LASF41
C:\Users\marwz\AppData\Local\Temp\ccHwv4aT.s:2170   .debug_str:0000000000000138 .LASF42
C:\Users\marwz\AppData\Local\Temp\ccHwv4aT.s:2258   .debug_str:0000000000000337 .LASF43
C:\Users\marwz\AppData\Local\Temp\ccHwv4aT.s:2298   .debug_str:00000000000003f4 .LASF44
C:\Users\marwz\AppData\Local\Temp\ccHwv4aT.s:2188   .debug_str:0000000000000194 .LASF45
C:\Users\marwz\AppData\Local\Temp\ccHwv4aT.s:2278   .debug_str:000000000000039d .LASF46
C:\Users\marwz\AppData\Local\Temp\ccHwv4aT.s:2154   .debug_str:00000000000000f5 .LASF47
C:\Users\marwz\AppData\Local\Temp\ccHwv4aT.s:2116   .debug_str:000000000000000c .LASF48
C:\Users\marwz\AppData\Local\Temp\ccHwv4aT.s:2286   .debug_str:00000000000003bc .LASF49
C:\Users\marwz\AppData\Local\Temp\ccHwv4aT.s:2168   .debug_str:0000000000000131 .LASF50
C:\Users\marwz\AppData\Local\Temp\ccHwv4aT.s:2216   .debug_str:0000000000000212 .LASF51
C:\Users\marwz\AppData\Local\Temp\ccHwv4aT.s:2134   .debug_str:0000000000000071 .LASF52
C:\Users\marwz\AppData\Local\Temp\ccHwv4aT.s:2162   .debug_str:0000000000000118 .LASF53
C:\Users\marwz\AppData\Local\Temp\ccHwv4aT.s:2200   .debug_str:00000000000001c7 .LASF54
C:\Users\marwz\AppData\Local\Temp\ccHwv4aT.s:2242   .debug_str:00000000000002f3 .LASF55
C:\Users\marwz\AppData\Local\Temp\ccHwv4aT.s:2318   .debug_str:0000000000000452 .LASF56
C:\Users\marwz\AppData\Local\Temp\ccHwv4aT.s:2372   .debug_str:00000000000005c6 .LASF57
C:\Users\marwz\AppData\Local\Temp\ccHwv4aT.s:2152   .debug_str:00000000000000ef .LASF58
C:\Users\marwz\AppData\Local\Temp\ccHwv4aT.s:2364   .debug_str:000000000000059e .LASF59
C:\Users\marwz\AppData\Local\Temp\ccHwv4aT.s:2174   .debug_str:0000000000000147 .LASF60
C:\Users\marwz\AppData\Local\Temp\ccHwv4aT.s:2180   .debug_str:0000000000000165 .LASF61
C:\Users\marwz\AppData\Local\Temp\ccHwv4aT.s:2126   .debug_str:0000000000000034 .LASF62
C:\Users\marwz\AppData\Local\Temp\ccHwv4aT.s:2236   .debug_str:00000000000002dc .LASF63
C:\Users\marwz\AppData\Local\Temp\ccHwv4aT.s:2290   .debug_str:00000000000003ce .LASF64
C:\Users\marwz\AppData\Local\Temp\ccHwv4aT.s:2238   .debug_str:00000000000002e2 .LASF65
C:\Users\marwz\AppData\Local\Temp\ccHwv4aT.s:2308   .debug_str:000000000000042c .LASF66
C:\Users\marwz\AppData\Local\Temp\ccHwv4aT.s:2324   .debug_str:000000000000046c .LASF67
C:\Users\marwz\AppData\Local\Temp\ccHwv4aT.s:2172   .debug_str:0000000000000140 .LASF68
C:\Users\marwz\AppData\Local\Temp\ccHwv4aT.s:2210   .debug_str:00000000000001f0 .LASF69
C:\Users\marwz\AppData\Local\Temp\ccHwv4aT.s:2194   .debug_str:00000000000001a8 .LASF70
C:\Users\marwz\AppData\Local\Temp\ccHwv4aT.s:2296   .debug_str:00000000000003ef .LASF71
C:\Users\marwz\AppData\Local\Temp\ccHwv4aT.s:2122   .debug_str:0000000000000021 .LASF72
C:\Users\marwz\AppData\Local\Temp\ccHwv4aT.s:2304   .debug_str:000000000000040b .LASF73
C:\Users\marwz\AppData\Local\Temp\ccHwv4aT.s:2300   .debug_str:00000000000003f9 .LASF74
C:\Users\marwz\AppData\Local\Temp\ccHwv4aT.s:2260   .debug_str:000000000000033f .LASF75
C:\Users\marwz\AppData\Local\Temp\ccHwv4aT.s:2302   .debug_str:0000000000000401 .LASF76
C:\Users\marwz\AppData\Local\Temp\ccHwv4aT.s:2228   .debug_str:00000000000002bf .LASF77
C:\Users\marwz\AppData\Local\Temp\ccHwv4aT.s:2202   .debug_str:00000000000001cd .LASF78
C:\Users\marwz\AppData\Local\Temp\ccHwv4aT.s:2380   .debug_str:00000000000005e7 .LASF79
C:\Users\marwz\AppData\Local\Temp\ccHwv4aT.s:2264   .debug_str:0000000000000351 .LASF80
C:\Users\marwz\AppData\Local\Temp\ccHwv4aT.s:2212   .debug_str:00000000000001f8 .LASF81
C:\Users\marwz\AppData\Local\Temp\ccHwv4aT.s:2178   .debug_str:000000000000015d .LASF82
C:\Users\marwz\AppData\Local\Temp\ccHwv4aT.s:2270   .debug_str:000000000000037b .LASF83
C:\Users\marwz\AppData\Local\Temp\ccHwv4aT.s:2312   .debug_str:0000000000000439 .LASF84
C:\Users\marwz\AppData\Local\Temp\ccHwv4aT.s:2362   .debug_str:0000000000000594 .LASF85
C:\Users\marwz\AppData\Local\Temp\ccHwv4aT.s:2164   .debug_str:0000000000000120 .LASF86
C:\Users\marwz\AppData\Local\Temp\ccHwv4aT.s:2158   .debug_str:0000000000000105 .LASF87
C:\Users\marwz\AppData\Local\Temp\ccHwv4aT.s:2326   .debug_str:0000000000000473 .LASF88
C:\Users\marwz\AppData\Local\Temp\ccHwv4aT.s:2282   .debug_str:00000000000003aa .LASF89
C:\Users\marwz\AppData\Local\Temp\ccHwv4aT.s:2356   .debug_str:000000000000057b .LASF90
C:\Users\marwz\AppData\Local\Temp\ccHwv4aT.s:2218   .debug_str:0000000000000218 .LASF91
C:\Users\marwz\AppData\Local\Temp\ccHwv4aT.s:2280   .debug_str:00000000000003a4 .LASF92
C:\Users\marwz\AppData\Local\Temp\ccHwv4aT.s:2120   .debug_str:0000000000000019 .LASF93
C:\Users\marwz\AppData\Local\Temp\ccHwv4aT.s:2310   .debug_str:0000000000000433 .LASF94
C:\Users\marwz\AppData\Local\Temp\ccHwv4aT.s:2332   .debug_str:0000000000000488 .LASF95
C:\Users\marwz\AppData\Local\Temp\ccHwv4aT.s:2342   .debug_str:0000000000000532 .LASF96
GAS LISTING C:\Users\marwz\AppData\Local\Temp\ccHwv4aT.s 			page 5


C:\Users\marwz\AppData\Local\Temp\ccHwv4aT.s:2350   .debug_str:000000000000055f .LASF97
C:\Users\marwz\AppData\Local\Temp\ccHwv4aT.s:2336   .debug_str:0000000000000494 .LASF98
C:\Users\marwz\AppData\Local\Temp\ccHwv4aT.s:2226   .debug_str:00000000000002b2 .LASF99
C:\Users\marwz\AppData\Local\Temp\ccHwv4aT.s:2370   .debug_str:00000000000005b7 .LASF100
C:\Users\marwz\AppData\Local\Temp\ccHwv4aT.s:2198   .debug_str:00000000000001b8 .LASF101
C:\Users\marwz\AppData\Local\Temp\ccHwv4aT.s:2292   .debug_str:00000000000003d7 .LASF102
C:\Users\marwz\AppData\Local\Temp\ccHwv4aT.s:2374   .debug_str:00000000000005cd .LASF103
C:\Users\marwz\AppData\Local\Temp\ccHwv4aT.s:2294   .debug_str:00000000000003e2 .LASF104
C:\Users\marwz\AppData\Local\Temp\ccHwv4aT.s:2378   .debug_str:00000000000005d9 .LASF105
C:\Users\marwz\AppData\Local\Temp\ccHwv4aT.s:2144   .debug_str:00000000000000be .LASF106
C:\Users\marwz\AppData\Local\Temp\ccHwv4aT.s:2360   .debug_str:000000000000058a .LASF107
C:\Users\marwz\AppData\Local\Temp\ccHwv4aT.s:2224   .debug_str:00000000000002a6 .LASF108
C:\Users\marwz\AppData\Local\Temp\ccHwv4aT.s:2346   .debug_str:000000000000053f .LASF109
C:\Users\marwz\AppData\Local\Temp\ccHwv4aT.s:2184   .debug_str:000000000000017e .LASF110
C:\Users\marwz\AppData\Local\Temp\ccHwv4aT.s:2140   .debug_str:000000000000008b .LASF111
C:\Users\marwz\AppData\Local\Temp\ccHwv4aT.s:2182   .debug_str:000000000000016d .LASF112
C:\Users\marwz\AppData\Local\Temp\ccHwv4aT.s:2128   .debug_str:000000000000003a .LASF113
C:\Users\marwz\AppData\Local\Temp\ccHwv4aT.s:2130   .debug_str:0000000000000049 .LASF114
C:\Users\marwz\AppData\Local\Temp\ccHwv4aT.s:2272   .debug_str:0000000000000380 .LASF115
C:\Users\marwz\AppData\Local\Temp\ccHwv4aT.s:2254   .debug_str:0000000000000327 .LASF116
C:\Users\marwz\AppData\Local\Temp\ccHwv4aT.s:2246   .debug_str:0000000000000304 .LASF117
C:\Users\marwz\AppData\Local\Temp\ccHwv4aT.s:2366   .debug_str:00000000000005a4 .LASF118
C:\Users\marwz\AppData\Local\Temp\ccHwv4aT.s:2136   .debug_str:000000000000007a .LASF133
C:\Users\marwz\AppData\Local\Temp\ccHwv4aT.s:2320   .debug_str:0000000000000458 .LASF119
C:\Users\marwz\AppData\Local\Temp\ccHwv4aT.s:2348   .debug_str:000000000000054c .LASF120
C:\Users\marwz\AppData\Local\Temp\ccHwv4aT.s:2176   .debug_str:0000000000000150 .LASF121
C:\Users\marwz\AppData\Local\Temp\ccHwv4aT.s:2288   .debug_str:00000000000003c4 .LASF122
C:\Users\marwz\AppData\Local\Temp\ccHwv4aT.s:2124   .debug_str:000000000000002c .LASF123
C:\Users\marwz\AppData\Local\Temp\ccHwv4aT.s:2232   .debug_str:00000000000002cd .LASF124
C:\Users\marwz\AppData\Local\Temp\ccHwv4aT.s:2248   .debug_str:000000000000030d .LASF125
C:\Users\marwz\AppData\Local\Temp\ccHwv4aT.s:2252   .debug_str:0000000000000320 .LASF126
C:\Users\marwz\AppData\Local\Temp\ccHwv4aT.s:2330   .debug_str:0000000000000481 .LASF127
C:\Users\marwz\AppData\Local\Temp\ccHwv4aT.s:2376   .debug_str:00000000000005d2 .LASF128
C:\Users\marwz\AppData\Local\Temp\ccHwv4aT.s:2240   .debug_str:00000000000002ea .LASF129
C:\Users\marwz\AppData\Local\Temp\ccHwv4aT.s:14     .text._read:0000000000000000 .LFB1
C:\Users\marwz\AppData\Local\Temp\ccHwv4aT.s:27     .text._read:0000000000000004 .LFE1
C:\Users\marwz\AppData\Local\Temp\ccHwv4aT.s:2079   .debug_loc:0000000000000000 .LLST0
C:\Users\marwz\AppData\Local\Temp\ccHwv4aT.s:2138   .debug_str:0000000000000085 .LASF134
C:\Users\marwz\AppData\Local\Temp\ccHwv4aT.s:18     .text._read:0000000000000000 .LVL0
C:\Users\marwz\AppData\Local\Temp\ccHwv4aT.s:24     .text._read:0000000000000002 .LVL1
C:\Users\marwz\AppData\Local\Temp\ccHwv4aT.s:39     .debug_info:0000000000000000 .Ldebug_info0

NO UNDEFINED SYMBOLS
